生成启动时间为 2016/3/3 星期四 16:17:03。
     1>项目“d:\documents\visual studio 2010\Projects\xyjVideoPlayer\xyjVideoPlayer\xyjVideoPlayer.vcxproj”在节点 2 上(build 个目标)。
     1>InitializeBuildStatus:
         正在创建“Debug\xyjVideoPlayer.unsuccessfulbuild”，因为已指定“AlwaysCreate”。
       CustomBuild:
         所有输出均为最新。
       ClCompile:
         E:\Program Files (x86)\VS2010\VC\bin\CL.exe /c /I.\GeneratedFiles /I. /IE:\Qt\Qt5.5.1\5.5\msvc2010\include /I.\GeneratedFiles\Debug /IE:\Qt\Qt5.5.1\5.5\msvc2010\include\QtCore /IE:\Qt\Qt5.5.1\5.5\msvc2010\include\QtGui /IE:\Qt\Qt5.5.1\5.5\msvc2010\include\QtWidgets /IE:\Qt\Qt5.5.1\5.5\msvc2010\include\QtTest /IE:\Qt\Qt5.5.1\5.5\msvc2010\include\QtMultimedia /IE:\Qt\Qt5.5.1\5.5\msvc2010\include\QtMultimediaWidgets /Zi /nologo /W1 /WX- /Od /Oy- /D UNICODE /D WIN32 /D WIN64 /D QT_DLL /D QT_CORE_LIB /D QT_GUI_LIB /D QT_WIDGETS_LIB /D QT_TESTLIB_LIB /D QT_MULTIMEDIA_LIB /D QT_MULTIMEDIAWIDGETS_LIB /Gm- /EHsc /MDd /GS /fp:precise /Zc:wchar_t /Zc:forScope /Fo"Debug\\" /Fd"Debug\vc100.pdb" /Gd /TP /analyze- /errorReport:prompt xyjSlider.cpp xyjvideoplayer.cpp
         xyjSlider.cpp
         xyjvideoplayer.cpp
     1>xyjvideoplayer.cpp(303): warning C4482: 使用了非标准扩展: 限定名中使用了枚举“QMediaPlaylist::PlaybackMode”
     1>xyjvideoplayer.cpp(304): warning C4482: 使用了非标准扩展: 限定名中使用了枚举“PLAYMODE”
     1>xyjvideoplayer.cpp(427): warning C4482: 使用了非标准扩展: 限定名中使用了枚举“QMediaPlayer::State”
     1>xyjvideoplayer.cpp(436): warning C4482: 使用了非标准扩展: 限定名中使用了枚举“QMediaPlayer::State”
     1>xyjvideoplayer.cpp(482): warning C4482: 使用了非标准扩展: 限定名中使用了枚举“PLAYMODE”
     1>xyjvideoplayer.cpp(483): warning C4482: 使用了非标准扩展: 限定名中使用了枚举“PLAYMODE”
     1>xyjvideoplayer.cpp(486): warning C4482: 使用了非标准扩展: 限定名中使用了枚举“QMediaPlaylist::PlaybackMode”
     1>xyjvideoplayer.cpp(488): warning C4482: 使用了非标准扩展: 限定名中使用了枚举“PLAYMODE”
     1>xyjvideoplayer.cpp(489): warning C4482: 使用了非标准扩展: 限定名中使用了枚举“PLAYMODE”
     1>xyjvideoplayer.cpp(492): warning C4482: 使用了非标准扩展: 限定名中使用了枚举“QMediaPlaylist::PlaybackMode”
     1>xyjvideoplayer.cpp(494): warning C4482: 使用了非标准扩展: 限定名中使用了枚举“PLAYMODE”
     1>xyjvideoplayer.cpp(497): warning C4482: 使用了非标准扩展: 限定名中使用了枚举“QMediaPlaylist::PlaybackMode”
         正在生成代码...
         所有输出均为最新。
       Link:
         E:\Program Files (x86)\VS2010\VC\bin\link.exe /ERRORREPORT:PROMPT /OUT:"d:\documents\visual studio 2010\Projects\xyjVideoPlayer\Win32\Debug\\xyjVideoPlayer.exe" /NOLOGO /LIBPATH:E:\Qt\Qt5.5.1\5.5\msvc2010\lib qtmaind.lib Qt5Cored.lib Qt5Guid.lib Qt5Widgetsd.lib Qt5Testd.lib Qt5Multimediad.lib Qt5MultimediaWidgetsd.lib opencv_ml2411d.lib opencv_calib3d2411d.lib opencv_contrib2411d.lib opencv_core2411d.lib opencv_features2d2411d.lib opencv_flann2411d.lib opencv_gpu2411d.lib opencv_highgui2411d.lib opencv_imgproc2411d.lib opencv_legacy2411d.lib opencv_objdetect2411d.lib opencv_ts2411d.lib opencv_video2411d.lib opencv_nonfree2411d.lib opencv_ocl2411d.lib opencv_photo2411d.lib opencv_stitching2411d.lib opencv_superres2411d.lib opencv_videostab2411d.lib opencv_objdetect2411.lib opencv_ts2411.lib opencv_video2411.lib opencv_nonfree2411.lib opencv_ocl2411.lib opencv_photo2411.lib opencv_stitching2411.lib opencv_superres2411.lib opencv_videostab2411.lib opencv_calib3d2411.lib opencv_contrib2411.lib opencv_core2411.lib opencv_features2d2411.lib opencv_flann2411.lib opencv_gpu2411.lib opencv_highgui2411.lib opencv_imgproc2411.lib opencv_legacy2411.lib opencv_ml2411.lib kernel32.lib user32.lib gdi32.lib winspool.lib comdlg32.lib advapi32.lib shell32.lib ole32.lib oleaut32.lib uuid.lib odbc32.lib odbccp32.lib /MANIFEST /ManifestFile:"Debug\xyjVideoPlayer.exe.intermediate.manifest" /MANIFESTUAC:"level='asInvoker' uiAccess='false'" /DEBUG /PDB:"d:\documents\visual studio 2010\Projects\xyjVideoPlayer\Win32\Debug\xyjVideoPlayer.pdb" /SUBSYSTEM:WINDOWS /TLBID:1 /DYNAMICBASE /NXCOMPAT /IMPLIB:"d:\documents\visual studio 2010\Projects\xyjVideoPlayer\Win32\Debug\xyjVideoPlayer.lib" /MACHINE:X86 Debug\moc_xyjButton.obj
         Debug\moc_xyjvideoplayer.obj
         Debug\qrc_xyjvideoplayer.obj
         Debug\main.obj
         Debug\NoFocusDelegate.obj
         Debug\xyjButton.obj
         Debug\xyjSlider.obj
         Debug\xyjvideoplayer.obj
         Debug\xyjVideoWidget.obj
         LINK : 没有找到 d:\documents\visual studio 2010\Projects\xyjVideoPlayer\Win32\Debug\\xyjVideoPlayer.exe 或上一个增量链接没有生成它；正在执行完全链接
         xyjVideoPlayer.vcxproj -> d:\documents\visual studio 2010\Projects\xyjVideoPlayer\Win32\Debug\xyjVideoPlayer.exe
       Manifest:
         C:\Program Files (x86)\Microsoft SDKs\Windows\v7.0A\bin\mt.exe /nologo /verbose /outputresource:"d:\documents\visual studio 2010\Projects\xyjVideoPlayer\Win32\Debug\\xyjVideoPlayer.exe;#1" /manifest Debug\xyjVideoPlayer.exe.intermediate.manifest
       FinalizeBuildStatus:
         正在删除文件“Debug\xyjVideoPlayer.unsuccessfulbuild”。
         正在对“Debug\xyjVideoPlayer.lastbuildstate”执行 Touch 任务。
     1>已完成生成项目“d:\documents\visual studio 2010\Projects\xyjVideoPlayer\xyjVideoPlayer\xyjVideoPlayer.vcxproj”(build 个目标)的操作。

生成成功。

已用时间 00:00:01.87
