D:\DOCUMENTS\VISUAL STUDIO 2010\PROJECTS\XYJVIDEOPLAYER\WIN32\DEBUG\XYJVIDEOPLAYER.EXE
D:\DOCUMENTS\VISUAL STUDIO 2010\PROJECTS\XYJVIDEOPLAYER\WIN32\DEBUG\XYJVIDEOPLAYER.ILK
D:\DOCUMENTS\VISUAL STUDIO 2010\PROJECTS\XYJVIDEOPLAYER\WIN32\DEBUG\XYJVIDEOPLAYER.PDB
d:\documents\visual studio 2010\Projects\xyjVideoPlayer\xyjVideoPlayer\Debug\cl.command.1.tlog
d:\documents\visual studio 2010\Projects\xyjVideoPlayer\xyjVideoPlayer\Debug\CL.read.1.tlog
d:\documents\visual studio 2010\Projects\xyjVideoPlayer\xyjVideoPlayer\Debug\CL.write.1.tlog
d:\documents\visual studio 2010\Projects\xyjVideoPlayer\xyjVideoPlayer\Debug\custombuild.command.1.tlog
d:\documents\visual studio 2010\Projects\xyjVideoPlayer\xyjVideoPlayer\Debug\custombuild.read.1.tlog
d:\documents\visual studio 2010\Projects\xyjVideoPlayer\xyjVideoPlayer\Debug\custombuild.write.1.tlog
d:\documents\visual studio 2010\Projects\xyjVideoPlayer\xyjVideoPlayer\Debug\link.command.1.tlog
d:\documents\visual studio 2010\Projects\xyjVideoPlayer\xyjVideoPlayer\Debug\link.read.1.tlog
d:\documents\visual studio 2010\Projects\xyjVideoPlayer\xyjVideoPlayer\Debug\link.write.1.tlog
D:\DOCUMENTS\VISUAL STUDIO 2010\PROJECTS\XYJVIDEOPLAYER\XYJVIDEOPLAYER\DEBUG\MAIN.OBJ
D:\DOCUMENTS\VISUAL STUDIO 2010\PROJECTS\XYJVIDEOPLAYER\XYJVIDEOPLAYER\DEBUG\MOC_XYJBUTTON.OBJ
D:\DOCUMENTS\VISUAL STUDIO 2010\PROJECTS\XYJVIDEOPLAYER\XYJVIDEOPLAYER\DEBUG\MOC_XYJVIDEOPLAYER.OBJ
d:\documents\visual studio 2010\Projects\xyjVideoPlayer\xyjVideoPlayer\Debug\mt.command.1.tlog
d:\documents\visual studio 2010\Projects\xyjVideoPlayer\xyjVideoPlayer\Debug\mt.read.1.tlog
d:\documents\visual studio 2010\Projects\xyjVideoPlayer\xyjVideoPlayer\Debug\mt.write.1.tlog
D:\DOCUMENTS\VISUAL STUDIO 2010\PROJECTS\XYJVIDEOPLAYER\XYJVIDEOPLAYER\DEBUG\QRC_XYJVIDEOPLAYER.OBJ
D:\DOCUMENTS\VISUAL STUDIO 2010\PROJECTS\XYJVIDEOPLAYER\XYJVIDEOPLAYER\DEBUG\VC100.PDB
D:\DOCUMENTS\VISUAL STUDIO 2010\PROJECTS\XYJVIDEOPLAYER\XYJVIDEOPLAYER\DEBUG\XYJBUTTON.OBJ
D:\DOCUMENTS\VISUAL STUDIO 2010\PROJECTS\XYJVIDEOPLAYER\XYJVIDEOPLAYER\DEBUG\XYJVIDEOPLAYER.EXE.INTERMEDIATE.MANIFEST
D:\DOCUMENTS\VISUAL STUDIO 2010\PROJECTS\XYJVIDEOPLAYER\XYJVIDEOPLAYER\DEBUG\XYJVIDEOPLAYER.OBJ
d:\documents\visual studio 2010\Projects\xyjVideoPlayer\xyjVideoPlayer\Debug\xyjVideoPlayer.write.1.tlog
D:\DOCUMENTS\VISUAL STUDIO 2010\PROJECTS\XYJVIDEOPLAYER\XYJVIDEOPLAYER\GENERATEDFILES\DEBUG\MOC_XYJBUTTON.CPP
D:\DOCUMENTS\VISUAL STUDIO 2010\PROJECTS\XYJVIDEOPLAYER\XYJVIDEOPLAYER\GENERATEDFILES\DEBUG\MOC_XYJVIDEOPLAYER.CPP
D:\DOCUMENTS\VISUAL STUDIO 2010\PROJECTS\XYJVIDEOPLAYER\XYJVIDEOPLAYER\GENERATEDFILES\QRC_XYJVIDEOPLAYER.CPP
D:\DOCUMENTS\VISUAL STUDIO 2010\PROJECTS\XYJVIDEOPLAYER\XYJVIDEOPLAYER\GENERATEDFILES\UI_XYJVIDEOPLAYER.H
